        -:    0:Source:dominion.c
        -:    0:Graph:dominion.gcno
        -:    0:Data:dominion.gcda
        -:    0:Runs:5
        -:    0:Programs:5
        -:    1:#include "dominion.h"
        -:    2:#include "dominion_helpers.h"
        -:    3:#include "rngs.h"
        -:    4:#include <stdio.h>
        -:    5:#include <math.h>
        -:    6:#include <stdlib.h>
        -:    7:
function compare called 0 returned 0% blocks executed 0%
    #####:    8:int compare(const void* a, const void* b) {
    #####:    9:    if (*(int*)a > *(int*)b)
branch  0 never executed
branch  1 never executed
    #####:   10:        return 1;
    #####:   11:    if (*(int*)a < *(int*)b)
branch  0 never executed
branch  1 never executed
    #####:   12:        return -1;
    #####:   13:    return 0;
        -:   14:}
        -:   15:
function newGame called 0 returned 0% blocks executed 0%
    #####:   16:struct gameState* newGame() {
    #####:   17:    struct gameState* g = malloc(sizeof(struct gameState));
    #####:   18:    return g;
        -:   19:}
        -:   20:
function kingdomCards called 0 returned 0% blocks executed 0%
    #####:   21:int* kingdomCards(int k1, int k2, int k3, int k4, int k5, int k6, int k7,
        -:   22:                  int k8, int k9, int k10) {
    #####:   23:    int* k = malloc(10 * sizeof(int));
    #####:   24:    k[0] = k1;
    #####:   25:    k[1] = k2;
    #####:   26:    k[2] = k3;
    #####:   27:    k[3] = k4;
    #####:   28:    k[4] = k5;
    #####:   29:    k[5] = k6;
    #####:   30:    k[6] = k7;
    #####:   31:    k[7] = k8;
    #####:   32:    k[8] = k9;
    #####:   33:    k[9] = k10;
    #####:   34:    return k;
        -:   35:}
        -:   36:
function initializeGame called 6 returned 100% blocks executed 22%
        6:   37:int initializeGame(int numPlayers, int kingdomCards[10], int randomSeed,
        -:   38:                   struct gameState *state) {
        -:   39:    
        -:   40:    int i;
        -:   41:    int j;
        -:   42:    int it;
        -:   43:    //set up random number generator
        6:   44:    SelectStream(1);
call    0 returned 100%
        6:   45:    PutSeed((long)randomSeed);
call    0 returned 100%
        -:   46:    
        -:   47:    //check number of players
        6:   48:    if (numPlayers > MAX_PLAYERS || numPlayers < 2)
branch  0 taken 100% (fallthrough)
branch  1 taken 0%
branch  2 taken 0% (fallthrough)
branch  3 taken 100%
        -:   49:    {
    #####:   50:        return -1;
        -:   51:    }
        -:   52:    
        -:   53:    //set number of players
        6:   54:    state->numPlayers = numPlayers;
        -:   55:    
        -:   56:    //check selected kingdom cards are different
       24:   57:    for (i = 0; i < 10; i++)
branch  0 taken 100%
branch  1 taken 0% (fallthrough)
        -:   58:    {
      252:   59:        for (j = 0; j < 10; j++)
branch  0 taken 93%
branch  1 taken 7% (fallthrough)
        -:   60:        {
      234:   61:            if (j != i && kingdomCards[j] == kingdomCards[i])
branch  0 taken 90% (fallthrough)
branch  1 taken 10%
branch  2 taken 3% (fallthrough)
branch  3 taken 97%
        -:   62:            {
        6:   63:                return -1;
        -:   64:            }
        -:   65:        }
        -:   66:    }
        -:   67:    
        -:   68:    
        -:   69:    //initialize supply
        -:   70:    ///////////////////////////////
        -:   71:    
        -:   72:    //set number of Curse cards
    #####:   73:    if (numPlayers == 2)
branch  0 never executed
branch  1 never executed
        -:   74:    {
    #####:   75:        state->supplyCount[curse] = 10;
        -:   76:    }
    #####:   77:    else if (numPlayers == 3)
branch  0 never executed
branch  1 never executed
        -:   78:    {
    #####:   79:        state->supplyCount[curse] = 20;
        -:   80:    }
        -:   81:    else
        -:   82:    {
    #####:   83:        state->supplyCount[curse] = 30;
        -:   84:    }
        -:   85:    
        -:   86:    //set number of Victory cards
    #####:   87:    if (numPlayers == 2)
branch  0 never executed
branch  1 never executed
        -:   88:    {
    #####:   89:        state->supplyCount[estate] = 8;
    #####:   90:        state->supplyCount[duchy] = 8;
    #####:   91:        state->supplyCount[province] = 8;
        -:   92:    }
        -:   93:    else
        -:   94:    {
    #####:   95:        state->supplyCount[estate] = 12;
    #####:   96:        state->supplyCount[duchy] = 12;
    #####:   97:        state->supplyCount[province] = 12;
        -:   98:    }
        -:   99:    
        -:  100:    //set number of Treasure cards
    #####:  101:    state->supplyCount[copper] = 60 - (7 * numPlayers);
    #####:  102:    state->supplyCount[silver] = 40;
    #####:  103:    state->supplyCount[gold] = 30;
        -:  104:    
        -:  105:    //set number of Kingdom cards
    #####:  106:    for (i = adventurer; i <= treasure_map; i++)           //loop all cards
branch  0 never executed
branch  1 never executed
        -:  107:    {
    #####:  108:        for (j = 0; j < 10; j++)                   //loop chosen cards
branch  0 never executed
branch  1 never executed
        -:  109:        {
    #####:  110:            if (kingdomCards[j] == i)
branch  0 never executed
branch  1 never executed
        -:  111:            {
        -:  112:                //check if card is a 'Victory' Kingdom card
    #####:  113:                if (kingdomCards[j] == great_hall || kingdomCards[j] == gardens)
branch  0 never executed
branch  1 never executed
branch  2 never executed
branch  3 never executed
        -:  114:                {
    #####:  115:                    if (numPlayers == 2){
branch  0 never executed
branch  1 never executed
    #####:  116:                        state->supplyCount[i] = 8;
        -:  117:                    }
    #####:  118:                    else{ state->supplyCount[i] = 12; }
        -:  119:                }
        -:  120:                else
        -:  121:                {
    #####:  122:                    state->supplyCount[i] = 10;
        -:  123:                }
    #####:  124:                break;
        -:  125:            }
        -:  126:            else    //card is not in the set choosen for the game
        -:  127:            {
    #####:  128:                state->supplyCount[i] = -1;
        -:  129:            }
        -:  130:        }
        -:  131:        
        -:  132:    }
        -:  133:    
        -:  134:    ////////////////////////
        -:  135:    //supply intilization complete
        -:  136:    
        -:  137:    //set player decks
    #####:  138:    for (i = 0; i < numPlayers; i++)
branch  0 never executed
branch  1 never executed
        -:  139:    {
    #####:  140:        state->deckCount[i] = 0;
    #####:  141:        for (j = 0; j < 3; j++)
branch  0 never executed
branch  1 never executed
        -:  142:        {
    #####:  143:            state->deck[i][j] = estate;
    #####:  144:            state->deckCount[i]++;
        -:  145:        }
    #####:  146:        for (j = 3; j < 10; j++)
branch  0 never executed
branch  1 never executed
        -:  147:        {
    #####:  148:            state->deck[i][j] = copper;
    #####:  149:            state->deckCount[i]++;
        -:  150:        }
        -:  151:    }
        -:  152:    
        -:  153:    //shuffle player decks
    #####:  154:    for (i = 0; i < numPlayers; i++)
branch  0 never executed
branch  1 never executed
        -:  155:    {
    #####:  156:        if ( shuffle(i, state) < 0 )
call    0 never executed
branch  1 never executed
branch  2 never executed
        -:  157:        {
    #####:  158:            return -1;
        -:  159:        }
        -:  160:    }
        -:  161:    
        -:  162:    //draw player hands
    #####:  163:    for (i = 0; i < numPlayers; i++)
branch  0 never executed
branch  1 never executed
        -:  164:    {
        -:  165:        //initialize hand size to zero
    #####:  166:        state->handCount[i] = 0;
    #####:  167:        state->discardCount[i] = 0;
        -:  168:        //draw 5 cards
        -:  169:        // for (j = 0; j < 5; j++)
        -:  170:        //    {
        -:  171:        //      drawCard(i, state);
        -:  172:        //    }
        -:  173:    }
        -:  174:    
        -:  175:    //set embargo tokens to 0 for all supply piles
    #####:  176:    for (i = 0; i <= treasure_map; i++)
branch  0 never executed
branch  1 never executed
        -:  177:    {
    #####:  178:        state->embargoTokens[i] = 0;
        -:  179:    }
        -:  180:    
        -:  181:    //initialize first player's turn
    #####:  182:    state->outpostPlayed = 0;
    #####:  183:    state->phase = 0;
    #####:  184:    state->numActions = 1;
    #####:  185:    state->numBuys = 1;
    #####:  186:    state->playedCardCount = 0;
    #####:  187:    state->whoseTurn = 0;
    #####:  188:    state->handCount[state->whoseTurn] = 0;
        -:  189:    //int it; move to top
        -:  190:    
        -:  191:    //Moved draw cards to here, only drawing at the start of a turn
    #####:  192:    for (it = 0; it < 5; it++){
branch  0 never executed
branch  1 never executed
    #####:  193:        drawCard(state->whoseTurn, state);
call    0 never executed
        -:  194:    }
        -:  195:    
    #####:  196:    updateCoins(state->whoseTurn, state, 0);
call    0 never executed
        -:  197:    
    #####:  198:    return 0;
        -:  199:}
        -:  200:
function shuffle called 2 returned 100% blocks executed 25%
        2:  201:int shuffle(int player, struct gameState *state) {
        -:  202:    
        -:  203:    
        -:  204:    int newDeck[MAX_DECK];
        2:  205:    int newDeckPos = 0;
        -:  206:    int card;
        -:  207:    int i;
        -:  208:    
        2:  209:    if (state->deckCount[player] < 1)
branch  0 taken 100% (fallthrough)
branch  1 taken 0%
        2:  210:        return -1;
    #####:  211:    qsort ((void*)(state->deck[player]), state->deckCount[player], sizeof(int), compare);
call    0 never executed
        -:  212:    /* SORT CARDS IN DECK TO ENSURE DETERMINISM! */
        -:  213:    
    #####:  214:    while (state->deckCount[player] > 0) {
branch  0 never executed
branch  1 never executed
    #####:  215:        card = floor(Random() * state->deckCount[player]);
call    0 never executed
    #####:  216:        newDeck[newDeckPos] = state->deck[player][card];
    #####:  217:        newDeckPos++;
    #####:  218:        for (i = card; i < state->deckCount[player]-1; i++) {
branch  0 never executed
branch  1 never executed
    #####:  219:            state->deck[player][i] = state->deck[player][i+1];
        -:  220:        }
    #####:  221:        state->deckCount[player]--;
        -:  222:    }
    #####:  223:    for (i = 0; i < newDeckPos; i++) {
branch  0 never executed
branch  1 never executed
    #####:  224:        state->deck[player][i] = newDeck[i];
    #####:  225:        state->deckCount[player]++;
        -:  226:    }
        -:  227:    
    #####:  228:    return 0;
        -:  229:}
        -:  230:
function playCard called 0 returned 0% blocks executed 0%
    #####:  231:int playCard(int handPos, int choice1, int choice2, int choice3, struct gameState *state)
        -:  232:{
        -:  233:    int card;
    #####:  234:    int coin_bonus = 0;         //tracks coins gain from actions
        -:  235:    
        -:  236:    //check if it is the right phase
    #####:  237:    if (state->phase != 0)
branch  0 never executed
branch  1 never executed
        -:  238:    {
    #####:  239:        return -1;
        -:  240:    }
        -:  241:    
        -:  242:    //check if player has enough actions
    #####:  243:    if ( state->numActions < 1 )
branch  0 never executed
branch  1 never executed
        -:  244:    {
    #####:  245:        return -1;
        -:  246:    }
        -:  247:    
        -:  248:    //get card played
    #####:  249:    card = handCard(handPos, state);
call    0 never executed
        -:  250:    
        -:  251:    //check if selected card is an action
    #####:  252:    if ( card < adventurer || card > treasure_map )
branch  0 never executed
branch  1 never executed
branch  2 never executed
branch  3 never executed
        -:  253:    {
    #####:  254:        return -1;
        -:  255:    }
        -:  256:    
        -:  257:    //play card
    #####:  258:    if ( cardEffect(card, choice1, choice2, choice3, state, handPos, &coin_bonus) < 0 )
call    0 never executed
branch  1 never executed
branch  2 never executed
        -:  259:    {
    #####:  260:        return -1;
        -:  261:    }
        -:  262:    
        -:  263:    //reduce number of actions
    #####:  264:    state->numActions--;
        -:  265:    
        -:  266:    //update coins (Treasure cards may be added with card draws)
    #####:  267:    updateCoins(state->whoseTurn, state, coin_bonus);
call    0 never executed
        -:  268:    
    #####:  269:    return 0;
        -:  270:}
        -:  271:
function buyCard called 3 returned 100% blocks executed 43%
        3:  272:int buyCard(int supplyPos, struct gameState *state) {
        -:  273:    int who;
        -:  274:    if (DEBUG){
        -:  275:        printf("Entering buyCard...\n");
        -:  276:    }
        -:  277:    
        -:  278:    // I don't know what to do about the phase thing.
        -:  279:    
        3:  280:    who = state->whoseTurn;
        -:  281:    
        3:  282:    if (state->numBuys < 1){
branch  0 taken 0% (fallthrough)
branch  1 taken 100%
        -:  283:        if (DEBUG)
        -:  284:            printf("You do not have any buys left\n");
    #####:  285:        return -1;
        3:  286:    } else if (supplyCount(supplyPos, state) <1){
call    0 returned 100%
branch  1 taken 100% (fallthrough)
branch  2 taken 0%
        -:  287:        if (DEBUG)
        -:  288:            printf("There are not any of that type of card left\n");
        3:  289:        return -1;
    #####:  290:    } else if (state->coins < getCost(supplyPos)){
call    0 never executed
branch  1 never executed
branch  2 never executed
        -:  291:        if (DEBUG)
        -:  292:            printf("You do not have enough money to buy that. You have %d coins.\n", state->coins);
    #####:  293:        return -1;
        -:  294:    } else {
    #####:  295:        state->phase=1;
        -:  296:        //state->supplyCount[supplyPos]--;
    #####:  297:        gainCard(supplyPos, state, 0, who); //card goes in discard, this might be wrong.. (2 means goes into hand, 0 goes into discard)
call    0 never executed
        -:  298:        
    #####:  299:        state->coins = (state->coins) - (getCost(supplyPos));
call    0 never executed
    #####:  300:        state->numBuys--;
        -:  301:        if (DEBUG)
        -:  302:            printf("You bought card number %d for %d coins. You now have %d buys and %d coins.\n", supplyPos, getCost(supplyPos), state->numBuys, state->coins);
        -:  303:    }
        -:  304:    
        -:  305:    //state->discard[who][state->discardCount[who]] = supplyPos;
        -:  306:    //state->discardCount[who]++;
        -:  307:    
    #####:  308:    return 0;
        -:  309:}
        -:  310:
function numHandCards called 1 returned 100% blocks executed 100%
        1:  311:int numHandCards(struct gameState *state) {
        1:  312:    return state->handCount[ whoseTurn(state) ];
call    0 returned 100%
        -:  313:}
        -:  314:
function handCard called 0 returned 0% blocks executed 0%
    #####:  315:int handCard(int handPos, struct gameState *state) {
    #####:  316:    int currentPlayer = whoseTurn(state);
call    0 never executed
    #####:  317:    return state->hand[currentPlayer][handPos];
        -:  318:}
        -:  319:
function supplyCount called 3 returned 100% blocks executed 100%
        3:  320:int supplyCount(int card, struct gameState *state) {
        3:  321:    return state->supplyCount[card];
        -:  322:}
        -:  323:
function fullDeckCount called 0 returned 0% blocks executed 0%
    #####:  324:int fullDeckCount(int player, int card, struct gameState *state) {
        -:  325:    int i;
    #####:  326:    int count = 0;
        -:  327:    
    #####:  328:    for (i = 0; i < state->deckCount[player]; i++)
branch  0 never executed
branch  1 never executed
        -:  329:    {
    #####:  330:        if (state->deck[player][i] == card) count++;
branch  0 never executed
branch  1 never executed
        -:  331:    }
        -:  332:    
    #####:  333:    for (i = 0; i < state->handCount[player]; i++)
branch  0 never executed
branch  1 never executed
        -:  334:    {
    #####:  335:        if (state->hand[player][i] == card) count++;
branch  0 never executed
branch  1 never executed
        -:  336:    }
        -:  337:    
    #####:  338:    for (i = 0; i < state->discardCount[player]; i++)
branch  0 never executed
branch  1 never executed
        -:  339:    {
    #####:  340:        if (state->discard[player][i] == card) count++;
branch  0 never executed
branch  1 never executed
        -:  341:    }
        -:  342:    
    #####:  343:    return count;
        -:  344:}
        -:  345:
function whoseTurn called 5 returned 100% blocks executed 100%
        5:  346:int whoseTurn(struct gameState *state) {
        5:  347:    return state->whoseTurn;
        -:  348:}
        -:  349:
function endTurn called 0 returned 0% blocks executed 0%
    #####:  350:int endTurn(struct gameState *state) {
        -:  351:    int k;
        -:  352:    int i;
    #####:  353:    int currentPlayer = whoseTurn(state);
call    0 never executed
        -:  354:    
        -:  355:    //Discard hand
    #####:  356:    for (i = 0; i < state->handCount[currentPlayer]; i++){
branch  0 never executed
branch  1 never executed
    #####:  357:        state->discard[currentPlayer][state->discardCount[currentPlayer]++] = state->hand[currentPlayer][i];//Discard
    #####:  358:        state->hand[currentPlayer][i] = -1;//Set card to -1
        -:  359:    }
    #####:  360:    state->handCount[currentPlayer] = 0;//Reset hand count
        -:  361:    
        -:  362:    //Code for determining the player
    #####:  363:    if (currentPlayer < (state->numPlayers - 1)){
branch  0 never executed
branch  1 never executed
    #####:  364:        state->whoseTurn = currentPlayer + 1;//Still safe to increment
        -:  365:    }
        -:  366:    else{
    #####:  367:        state->whoseTurn = 0;//Max player has been reached, loop back around to player 1
        -:  368:    }
        -:  369:    
    #####:  370:    state->outpostPlayed = 0;
    #####:  371:    state->phase = 0;
    #####:  372:    state->numActions = 1;
    #####:  373:    state->coins = 0;
    #####:  374:    state->numBuys = 1;
    #####:  375:    state->playedCardCount = 0;
    #####:  376:    state->handCount[state->whoseTurn] = 0;
        -:  377:    
        -:  378:    //int k; move to top
        -:  379:    //Next player draws hand
    #####:  380:    for (k = 0; k < 5; k++){
branch  0 never executed
branch  1 never executed
    #####:  381:        drawCard(state->whoseTurn, state);//Draw a card
call    0 never executed
        -:  382:    }
        -:  383:    
        -:  384:    //Update money
    #####:  385:    updateCoins(state->whoseTurn, state , 0);
call    0 never executed
        -:  386:    
    #####:  387:    return 0;
        -:  388:}
        -:  389:
function isGameOver called 1 returned 100% blocks executed 27%
        1:  390:int isGameOver(struct gameState *state) {
        -:  391:    int i;
        -:  392:    int j;
        -:  393:    
        -:  394:    //if stack of Province cards is empty, the game ends
        1:  395:    if (state->supplyCount[province] == 0)
branch  0 taken 100% (fallthrough)
branch  1 taken 0%
        -:  396:    {
        1:  397:        return 1;
        -:  398:    }
        -:  399:    
        -:  400:    //if three supply pile are at 0, the game ends
    #####:  401:    j = 0;
    #####:  402:    for (i = 0; i < 25; i++)
branch  0 never executed
branch  1 never executed
        -:  403:    {
    #####:  404:        if (state->supplyCount[i] == 0)
branch  0 never executed
branch  1 never executed
        -:  405:        {
    #####:  406:            j++;
        -:  407:        }
        -:  408:    }
    #####:  409:    if ( j >= 3)
branch  0 never executed
branch  1 never executed
        -:  410:    {
    #####:  411:        return 1;
        -:  412:    }
        -:  413:    
    #####:  414:    return 0;
        -:  415:}
        -:  416:
function scoreFor called 0 returned 0% blocks executed 0%
    #####:  417:int scoreFor (int player, struct gameState *state) {
        -:  418:    
        -:  419:    int i;
    #####:  420:    int score = 0;
        -:  421:    //score from hand
    #####:  422:    for (i = 0; i < state->handCount[player]; i++)
branch  0 never executed
branch  1 never executed
        -:  423:    {
    #####:  424:        if (state->hand[player][i] == curse) { score = score - 1; };
branch  0 never executed
branch  1 never executed
    #####:  425:        if (state->hand[player][i] == estate) { score = score + 1; };
branch  0 never executed
branch  1 never executed
    #####:  426:        if (state->hand[player][i] == duchy) { score = score + 3; };
branch  0 never executed
branch  1 never executed
    #####:  427:        if (state->hand[player][i] == province) { score = score + 6; };
branch  0 never executed
branch  1 never executed
    #####:  428:        if (state->hand[player][i] == great_hall) { score = score + 1; };
branch  0 never executed
branch  1 never executed
    #####:  429:        if (state->hand[player][i] == gardens) { score = score + ( fullDeckCount(player, 0, state) / 10 ); };
branch  0 never executed
branch  1 never executed
call    2 never executed
        -:  430:    }
        -:  431:    
        -:  432:    //score from discard
    #####:  433:    for (i = 0; i < state->discardCount[player]; i++)
branch  0 never executed
branch  1 never executed
        -:  434:    {
    #####:  435:        if (state->discard[player][i] == curse) { score = score - 1; };
branch  0 never executed
branch  1 never executed
    #####:  436:        if (state->discard[player][i] == estate) { score = score + 1; };
branch  0 never executed
branch  1 never executed
    #####:  437:        if (state->discard[player][i] == duchy) { score = score + 3; };
branch  0 never executed
branch  1 never executed
    #####:  438:        if (state->discard[player][i] == province) { score = score + 6; };
branch  0 never executed
branch  1 never executed
    #####:  439:        if (state->discard[player][i] == great_hall) { score = score + 1; };
branch  0 never executed
branch  1 never executed
    #####:  440:        if (state->discard[player][i] == gardens) { score = score + ( fullDeckCount(player, 0, state) / 10 ); };
branch  0 never executed
branch  1 never executed
call    2 never executed
        -:  441:    }
        -:  442:    
        -:  443:    //score from deck
    #####:  444:    for (i = 0; i < state->discardCount[player]; i++)
branch  0 never executed
branch  1 never executed
        -:  445:    {
    #####:  446:        if (state->deck[player][i] == curse) { score = score - 1; };
branch  0 never executed
branch  1 never executed
    #####:  447:        if (state->deck[player][i] == estate) { score = score + 1; };
branch  0 never executed
branch  1 never executed
    #####:  448:        if (state->deck[player][i] == duchy) { score = score + 3; };
branch  0 never executed
branch  1 never executed
    #####:  449:        if (state->deck[player][i] == province) { score = score + 6; };
branch  0 never executed
branch  1 never executed
    #####:  450:        if (state->deck[player][i] == great_hall) { score = score + 1; };
branch  0 never executed
branch  1 never executed
    #####:  451:        if (state->deck[player][i] == gardens) { score = score + ( fullDeckCount(player, 0, state) / 10 ); };
branch  0 never executed
branch  1 never executed
call    2 never executed
        -:  452:    }
        -:  453:    
    #####:  454:    return score;
        -:  455:}
        -:  456:
function getWinners called 0 returned 0% blocks executed 0%
    #####:  457:int getWinners(int players[MAX_PLAYERS], struct gameState *state) {
        -:  458:    int i;
        -:  459:    int j;
        -:  460:    int highScore;
        -:  461:    int currentPlayer;
        -:  462:    
        -:  463:    //get score for each player
    #####:  464:    for (i = 0; i < MAX_PLAYERS; i++)
branch  0 never executed
branch  1 never executed
        -:  465:    {
        -:  466:        //set unused player scores to -9999
    #####:  467:        if (i >= state->numPlayers)
branch  0 never executed
branch  1 never executed
        -:  468:        {
    #####:  469:            players[i] = -9999;
        -:  470:        }
        -:  471:        else
        -:  472:        {
    #####:  473:            players[i] = scoreFor (i, state);
call    0 never executed
        -:  474:        }
        -:  475:    }
        -:  476:    
        -:  477:    //find highest score
    #####:  478:    j = 0;
    #####:  479:    for (i = 0; i < MAX_PLAYERS; i++)
branch  0 never executed
branch  1 never executed
        -:  480:    {
    #####:  481:        if (players[i] > players[j])
branch  0 never executed
branch  1 never executed
        -:  482:        {
    #####:  483:            j = i;
        -:  484:        }
        -:  485:    }
    #####:  486:    highScore = players[j];
        -:  487:    
        -:  488:    //add 1 to players who had less turns
    #####:  489:    currentPlayer = whoseTurn(state);
call    0 never executed
    #####:  490:    for (i = 0; i < MAX_PLAYERS; i++)
branch  0 never executed
branch  1 never executed
        -:  491:    {
    #####:  492:        if ( players[i] == highScore && i > currentPlayer )
branch  0 never executed
branch  1 never executed
branch  2 never executed
branch  3 never executed
        -:  493:        {
    #####:  494:            players[i]++;
        -:  495:        }
        -:  496:    }
        -:  497:    
        -:  498:    //find new highest score
    #####:  499:    j = 0;
    #####:  500:    for (i = 0; i < MAX_PLAYERS; i++)
branch  0 never executed
branch  1 never executed
        -:  501:    {
    #####:  502:        if ( players[i] > players[j] )
branch  0 never executed
branch  1 never executed
        -:  503:        {
    #####:  504:            j = i;
        -:  505:        }
        -:  506:    }
    #####:  507:    highScore = players[j];
        -:  508:    
        -:  509:    //set winners in array to 1 and rest to 0
    #####:  510:    for (i = 0; i < MAX_PLAYERS; i++)
branch  0 never executed
branch  1 never executed
        -:  511:    {
    #####:  512:        if ( players[i] == highScore )
branch  0 never executed
branch  1 never executed
        -:  513:        {
    #####:  514:            players[i] = 1;
        -:  515:        }
        -:  516:        else
        -:  517:        {
    #####:  518:            players[i] = 0;
        -:  519:        }
        -:  520:    }
        -:  521:    
    #####:  522:    return 0;
        -:  523:}
        -:  524:
function drawCard called 2 returned 100% blocks executed 62%
        2:  525:int drawCard(int player, struct gameState *state)
        -:  526:{    int count;
        -:  527:    int deckCounter;
        2:  528:    if (state->deckCount[player] <= 0){//Deck is empty
branch  0 taken 100% (fallthrough)
branch  1 taken 0%
        -:  529:        
        -:  530:        //Step 1 Shuffle the discard pile back into a deck
        -:  531:        int i;
        -:  532:        //Move discard to deck
        2:  533:        for (i = 0; i < state->discardCount[player];i++){
branch  0 taken 0%
branch  1 taken 100% (fallthrough)
    #####:  534:            state->deck[player][i] = state->discard[player][i];
    #####:  535:            state->discard[player][i] = -1;
        -:  536:        }
        -:  537:        
        2:  538:        state->deckCount[player] = state->discardCount[player];
        2:  539:        state->discardCount[player] = 0;//Reset discard
        -:  540:        
        -:  541:        //Shufffle the deck
        2:  542:        shuffle(player, state);//Shuffle the deck up and make it so that we can draw
call    0 returned 100%
        -:  543:        
        -:  544:        if (DEBUG){//Debug statements
        -:  545:            printf("Deck count now: %d\n", state->deckCount[player]);
        -:  546:        }
        -:  547:        
        2:  548:        state->discardCount[player] = 0;
        -:  549:        
        -:  550:        //Step 2 Draw Card
        2:  551:        count = state->handCount[player];//Get current player's hand count
        -:  552:        
        -:  553:        if (DEBUG){//Debug statements
        -:  554:            printf("Current hand count: %d\n", count);
        -:  555:        }
        -:  556:        
        2:  557:        deckCounter = state->deckCount[player];//Create a holder for the deck count
        -:  558:        
        2:  559:        if (deckCounter == 0)
branch  0 taken 100% (fallthrough)
branch  1 taken 0%
        2:  560:            return -1;
        -:  561:        
    #####:  562:        state->hand[player][count] = state->deck[player][deckCounter - 1];//Add card to hand
    #####:  563:        state->deckCount[player]--;
    #####:  564:        state->handCount[player]++;//Increment hand count
        -:  565:    }
        -:  566:    
        -:  567:    else{
    #####:  568:        int count = state->handCount[player];//Get current hand count for player
        -:  569:        int deckCounter;
        -:  570:        if (DEBUG){//Debug statements
        -:  571:            printf("Current hand count: %d\n", count);
        -:  572:        }
        -:  573:        
    #####:  574:        deckCounter = state->deckCount[player];//Create holder for the deck count
    #####:  575:        state->hand[player][count] = state->deck[player][deckCounter - 1];//Add card to the hand
    #####:  576:        state->deckCount[player]--;
    #####:  577:        state->handCount[player]++;//Increment hand count
        -:  578:    }
        -:  579:    
    #####:  580:    return 0;
        -:  581:}
        -:  582:
function getCost called 0 returned 0% blocks executed 0%
    #####:  583:int getCost(int cardNumber)
        -:  584:{
    #####:  585:    switch( cardNumber )
branch  0 never executed
branch  1 never executed
branch  2 never executed
branch  3 never executed
branch  4 never executed
branch  5 never executed
branch  6 never executed
branch  7 never executed
branch  8 never executed
branch  9 never executed
branch 10 never executed
branch 11 never executed
branch 12 never executed
branch 13 never executed
branch 14 never executed
branch 15 never executed
branch 16 never executed
branch 17 never executed
branch 18 never executed
branch 19 never executed
branch 20 never executed
branch 21 never executed
branch 22 never executed
branch 23 never executed
branch 24 never executed
branch 25 never executed
branch 26 never executed
branch 27 never executed
        -:  586:    {
        -:  587:        case curse:
    #####:  588:            return 0;
        -:  589:        case estate:
    #####:  590:            return 2;
        -:  591:        case duchy:
    #####:  592:            return 5;
        -:  593:        case province:
    #####:  594:            return 8;
        -:  595:        case copper:
    #####:  596:            return 0;
        -:  597:        case silver:
    #####:  598:            return 3;
        -:  599:        case gold:
    #####:  600:            return 6;
        -:  601:        case adventurer:
    #####:  602:            return 6;
        -:  603:        case council_room:
    #####:  604:            return 5;
        -:  605:        case feast:
    #####:  606:            return 4;
        -:  607:        case gardens:
    #####:  608:            return 4;
        -:  609:        case mine:
    #####:  610:            return 5;
        -:  611:        case remodel:
    #####:  612:            return 4;
        -:  613:        case smithy:
    #####:  614:            return 4;
        -:  615:        case village:
    #####:  616:            return 3;
        -:  617:        case baron:
    #####:  618:            return 4;
        -:  619:        case great_hall:
    #####:  620:            return 3;
        -:  621:        case minion:
    #####:  622:            return 5;
        -:  623:        case steward:
    #####:  624:            return 3;
        -:  625:        case tribute:
    #####:  626:            return 5;
        -:  627:        case ambassador:
    #####:  628:            return 3;
        -:  629:        case cutpurse:
    #####:  630:            return 4;
        -:  631:        case embargo:
    #####:  632:            return 2;
        -:  633:        case outpost:
    #####:  634:            return 5;
        -:  635:        case salvager:
    #####:  636:            return 4;
        -:  637:        case sea_hag:
    #####:  638:            return 4;
        -:  639:        case treasure_map:
    #####:  640:            return 4;
        -:  641:    }
        -:  642:    
    #####:  643:    return -1;
        -:  644:}
        -:  645:
function cardEffect called 0 returned 0% blocks executed 0%
    #####:  646:int cardEffect(int card, int choice1, int choice2, int choice3, struct gameState *state, int handPos, int *bonus)
        -:  647:{
        -:  648:    int i;
        -:  649:    int j;
        -:  650:    int k;
        -:  651:    int x;
        -:  652:    int index;
    #####:  653:    int currentPlayer = whoseTurn(state);
call    0 never executed
    #####:  654:    int nextPlayer = currentPlayer + 1;
        -:  655:    
    #####:  656:    int tributeRevealedCards[2] = {-1, -1};
        -:  657:    int temphand[MAX_HAND];// moved above the if statement
    #####:  658:    int drawntreasure=0;
        -:  659:    int cardDrawn;
    #####:  660:    int z = 0;// this is the counter for the temp hand
    #####:  661:    if (nextPlayer > (state->numPlayers - 1)){
branch  0 never executed
branch  1 never executed
    #####:  662:        nextPlayer = 0;
        -:  663:    }
        -:  664:    
    #####:  665:    if(card == adventurer) {
branch  0 never executed
branch  1 never executed
    #####:  666:        cardDrawn = 0;
    #####:  667:        useAdventurer(z, drawntreasure, currentPlayer, state, cardDrawn, temphand);
call    0 never executed
        -:  668:    }
        -:  669:    
    #####:  670:    else if(card == smithy){
branch  0 never executed
branch  1 never executed
    #####:  671:        i = 0;
    #####:  672:        useSmithy(i, currentPlayer, handPos, state);
call    0 never executed
        -:  673:    }
        -:  674:    
    #####:  675:    else if(card == remodel){
branch  0 never executed
branch  1 never executed
    #####:  676:        i = 0;
    #####:  677:        j = 0;
    #####:  678:        useRemodel(i, j, state, currentPlayer, handPos, choice1, choice2);
call    0 never executed
        -:  679:    }
        -:  680:    
    #####:  681:    else if(card == village){
branch  0 never executed
branch  1 never executed
    #####:  682:        useVillage(currentPlayer, handPos, state);
call    0 never executed
        -:  683:    }
        -:  684:    
    #####:  685:    else if(card == great_hall){
branch  0 never executed
branch  1 never executed
    #####:  686:        useGreatHall(currentPlayer, handPos, state);
call    0 never executed
        -:  687:    }
        -:  688:    
        -:  689:    //uses switch to select card and perform actions
    #####:  690:    switch( card )
branch  0 never executed
branch  1 never executed
branch  2 never executed
branch  3 never executed
branch  4 never executed
branch  5 never executed
branch  6 never executed
branch  7 never executed
branch  8 never executed
branch  9 never executed
branch 10 never executed
branch 11 never executed
branch 12 never executed
branch 13 never executed
branch 14 never executed
branch 15 never executed
        -:  691:    {
        -:  692:            
        -:  693:        case council_room:
        -:  694:            //+4 Cards
    #####:  695:            for (i = 0; i < 4; i++)
branch  0 never executed
branch  1 never executed
        -:  696:            {
    #####:  697:                drawCard(currentPlayer, state);
call    0 never executed
        -:  698:            }
        -:  699:            
        -:  700:            //+1 Buy
    #####:  701:            state->numBuys++;
        -:  702:            
        -:  703:            //Each other player draws a card
    #####:  704:            for (i = 0; i < state->numPlayers; i++)
branch  0 never executed
branch  1 never executed
        -:  705:            {
    #####:  706:                if ( i != currentPlayer )
branch  0 never executed
branch  1 never executed
        -:  707:                {
    #####:  708:                    drawCard(i, state);
call    0 never executed
        -:  709:                }
        -:  710:            }
        -:  711:            
        -:  712:            //put played card in played card pile
    #####:  713:            discardCard(handPos, currentPlayer, state, 0);
call    0 never executed
        -:  714:            
    #####:  715:            return 0;
        -:  716:            
        -:  717:        case feast:
        -:  718:            //gain card with cost up to 5
        -:  719:            //Backup hand
    #####:  720:            for (i = 0; i <= state->handCount[currentPlayer]; i++){
branch  0 never executed
branch  1 never executed
    #####:  721:                temphand[i] = state->hand[currentPlayer][i];//Backup card
    #####:  722:                state->hand[currentPlayer][i] = -1;//Set to nothing
        -:  723:            }
        -:  724:            //Backup hand
        -:  725:            
        -:  726:            //Update Coins for Buy
    #####:  727:            updateCoins(currentPlayer, state, 5);
call    0 never executed
    #####:  728:            x = 1;//Condition to loop on
    #####:  729:            while( x == 1) {//Buy one card
branch  0 never executed
branch  1 never executed
    #####:  730:                if (supplyCount(choice1, state) <= 0){
call    0 never executed
branch  1 never executed
branch  2 never executed
        -:  731:                    if (DEBUG)
        -:  732:                        printf("None of that card left, sorry!\n");
        -:  733:                    
        -:  734:                    if (DEBUG){
        -:  735:                        printf("Cards Left: %d\n", supplyCount(choice1, state));
        -:  736:                    }
        -:  737:                }
    #####:  738:                else if (state->coins < getCost(choice1)){
call    0 never executed
branch  1 never executed
branch  2 never executed
    #####:  739:                    printf("That card is too expensive!\n");
call    0 never executed
        -:  740:                    
        -:  741:                    if (DEBUG){
        -:  742:                        printf("Coins: %d < %d\n", state->coins, getCost(choice1));
        -:  743:                    }
        -:  744:                }
        -:  745:                else{
        -:  746:                    
        -:  747:                    if (DEBUG){
        -:  748:                        printf("Deck Count: %d\n", state->handCount[currentPlayer] + state->deckCount[currentPlayer] + state->discardCount[currentPlayer]);
        -:  749:                    }
        -:  750:                    
    #####:  751:                    gainCard(choice1, state, 0, currentPlayer);//Gain the card
call    0 never executed
    #####:  752:                    x = 0;//No more buying cards
        -:  753:                    
        -:  754:                    if (DEBUG){
        -:  755:                        printf("Deck Count: %d\n", state->handCount[currentPlayer] + state->deckCount[currentPlayer] + state->discardCount[currentPlayer]);
        -:  756:                    }
        -:  757:                    
        -:  758:                }
        -:  759:            }
        -:  760:            
        -:  761:            //Reset Hand
    #####:  762:            for (i = 0; i <= state->handCount[currentPlayer]; i++){
branch  0 never executed
branch  1 never executed
    #####:  763:                state->hand[currentPlayer][i] = temphand[i];
    #####:  764:                temphand[i] = -1;
        -:  765:            }
        -:  766:            //Reset Hand
        -:  767:            
    #####:  768:            return 0;
        -:  769:            
        -:  770:        case gardens:
    #####:  771:            return -1;
        -:  772:            
        -:  773:        case mine:
    #####:  774:            j = state->hand[currentPlayer][choice1];  //store card we will trash
        -:  775:            
    #####:  776:            if (state->hand[currentPlayer][choice1] < copper || state->hand[currentPlayer][choice1] > gold)
branch  0 never executed
branch  1 never executed
branch  2 never executed
branch  3 never executed
        -:  777:            {
    #####:  778:                return -1;
        -:  779:            }
        -:  780:            
    #####:  781:            if (choice2 > treasure_map || choice2 < curse)
branch  0 never executed
branch  1 never executed
branch  2 never executed
branch  3 never executed
        -:  782:            {
    #####:  783:                return -1;
        -:  784:            }
        -:  785:            
    #####:  786:            if ( (getCost(state->hand[currentPlayer][choice1]) + 3) > getCost(choice2) )
call    0 never executed
call    1 never executed
branch  2 never executed
branch  3 never executed
        -:  787:            {
    #####:  788:                return -1;
        -:  789:            }
        -:  790:            
    #####:  791:            gainCard(choice2, state, 2, currentPlayer);
call    0 never executed
        -:  792:            
        -:  793:            //discard card from hand
    #####:  794:            discardCard(handPos, currentPlayer, state, 0);
call    0 never executed
        -:  795:            
        -:  796:            //discard trashed card
    #####:  797:            for (i = 0; i < state->handCount[currentPlayer]; i++)
branch  0 never executed
branch  1 never executed
        -:  798:            {
    #####:  799:                if (state->hand[currentPlayer][i] == j)
branch  0 never executed
branch  1 never executed
        -:  800:                {
    #####:  801:                    discardCard(i, currentPlayer, state, 0);
call    0 never executed
    #####:  802:                    break;
        -:  803:                }
        -:  804:            }
        -:  805:            
    #####:  806:            return 0;
        -:  807:            
        -:  808:        case baron:
    #####:  809:            state->numBuys++;//Increase buys by 1!
    #####:  810:            if (choice1 > 0){//Boolean true or going to discard an estate
branch  0 never executed
branch  1 never executed
    #####:  811:                int p = 0;//Iterator for hand!
    #####:  812:                int card_not_discarded = 1;//Flag for discard set!
    #####:  813:                while(card_not_discarded){
branch  0 never executed
branch  1 never executed
    #####:  814:                    if (state->hand[currentPlayer][p] == estate){//Found an estate card!
branch  0 never executed
branch  1 never executed
    #####:  815:                        state->coins += 4;//Add 4 coins to the amount of coins
    #####:  816:                        state->discard[currentPlayer][state->discardCount[currentPlayer]] = state->hand[currentPlayer][p];
    #####:  817:                        state->discardCount[currentPlayer]++;
    #####:  818:                        for (;p < state->handCount[currentPlayer]; p++){
branch  0 never executed
branch  1 never executed
    #####:  819:                            state->hand[currentPlayer][p] = state->hand[currentPlayer][p+1];
        -:  820:                        }
    #####:  821:                        state->hand[currentPlayer][state->handCount[currentPlayer]] = -1;
    #####:  822:                        state->handCount[currentPlayer]--;
    #####:  823:                        card_not_discarded = 0;//Exit the loop
        -:  824:                    }
    #####:  825:                    else if (p > state->handCount[currentPlayer]){
branch  0 never executed
branch  1 never executed
        -:  826:                        if(DEBUG) {
        -:  827:                            printf("No estate cards in your hand, invalid choice\n");
        -:  828:                            printf("Must gain an estate if there are any\n");
        -:  829:                        }
    #####:  830:                        if (supplyCount(estate, state) > 0){
call    0 never executed
branch  1 never executed
branch  2 never executed
    #####:  831:                            gainCard(estate, state, 0, currentPlayer);
call    0 never executed
    #####:  832:                            state->supplyCount[estate]--;//Decrement estates
    #####:  833:                            if (supplyCount(estate, state) == 0){
call    0 never executed
branch  1 never executed
branch  2 never executed
    #####:  834:                                isGameOver(state);
call    0 never executed
        -:  835:                            }
        -:  836:                        }
    #####:  837:                        card_not_discarded = 0;//Exit the loop
        -:  838:                    }
        -:  839:                    
        -:  840:                    else{
    #####:  841:                        p++;//Next card
        -:  842:                    }
        -:  843:                }
        -:  844:            }
        -:  845:            
        -:  846:            else{
    #####:  847:                if (supplyCount(estate, state) > 0){
call    0 never executed
branch  1 never executed
branch  2 never executed
    #####:  848:                    gainCard(estate, state, 0, currentPlayer);//Gain an estate
call    0 never executed
    #####:  849:                    state->supplyCount[estate]--;//Decrement Estates
    #####:  850:                    if (supplyCount(estate, state) == 0){
call    0 never executed
branch  1 never executed
branch  2 never executed
    #####:  851:                        isGameOver(state);
call    0 never executed
        -:  852:                    }
        -:  853:                }
        -:  854:            }
        -:  855:            
        -:  856:            
    #####:  857:            return 0;
        -:  858:            
        -:  859:        case minion:
        -:  860:            //+1 action
    #####:  861:            state->numActions++;
        -:  862:            
        -:  863:            //discard card from hand
    #####:  864:            discardCard(handPos, currentPlayer, state, 0);
call    0 never executed
        -:  865:            
    #####:  866:            if (choice1)        //+2 coins
branch  0 never executed
branch  1 never executed
        -:  867:            {
    #####:  868:                state->coins = state->coins + 2;
        -:  869:            }
        -:  870:            
    #####:  871:            else if (choice2)        //discard hand, redraw 4, other players with 5+ cards discard hand and draw 4
branch  0 never executed
branch  1 never executed
        -:  872:            {
        -:  873:                //discard hand
    #####:  874:                while(numHandCards(state) > 0)
call    0 never executed
branch  1 never executed
branch  2 never executed
        -:  875:                {
    #####:  876:                    discardCard(handPos, currentPlayer, state, 0);
call    0 never executed
        -:  877:                }
        -:  878:                
        -:  879:                //draw 4
    #####:  880:                for (i = 0; i < 4; i++)
branch  0 never executed
branch  1 never executed
        -:  881:                {
    #####:  882:                    drawCard(currentPlayer, state);
call    0 never executed
        -:  883:                }
        -:  884:                
        -:  885:                //other players discard hand and redraw if hand size > 4
    #####:  886:                for (i = 0; i < state->numPlayers; i++)
branch  0 never executed
branch  1 never executed
        -:  887:                {
    #####:  888:                    if (i != currentPlayer)
branch  0 never executed
branch  1 never executed
        -:  889:                    {
    #####:  890:                        if ( state->handCount[i] > 4 )
branch  0 never executed
branch  1 never executed
        -:  891:                        {
        -:  892:                            //discard hand
    #####:  893:                            while( state->handCount[i] > 0 )
branch  0 never executed
branch  1 never executed
        -:  894:                            {
    #####:  895:                                discardCard(handPos, i, state, 0);
call    0 never executed
        -:  896:                            }
        -:  897:                            
        -:  898:                            //draw 4
    #####:  899:                            for (j = 0; j < 4; j++)
branch  0 never executed
branch  1 never executed
        -:  900:                            {
    #####:  901:                                drawCard(i, state);
call    0 never executed
        -:  902:                            }
        -:  903:                        }
        -:  904:                    }
        -:  905:                }
        -:  906:                
        -:  907:            }
    #####:  908:            return 0;
        -:  909:            
        -:  910:        case steward:
    #####:  911:            if (choice1 == 1)
branch  0 never executed
branch  1 never executed
        -:  912:            {
        -:  913:                //+2 cards
    #####:  914:                drawCard(currentPlayer, state);
call    0 never executed
    #####:  915:                drawCard(currentPlayer, state);
call    0 never executed
        -:  916:            }
    #####:  917:            else if (choice1 == 2)
branch  0 never executed
branch  1 never executed
        -:  918:            {
        -:  919:                //+2 coins
    #####:  920:                state->coins = state->coins + 2;
        -:  921:            }
        -:  922:            else
        -:  923:            {
        -:  924:                //trash 2 cards in hand
    #####:  925:                discardCard(choice2, currentPlayer, state, 1);
call    0 never executed
    #####:  926:                discardCard(choice3, currentPlayer, state, 1);
call    0 never executed
        -:  927:            }
        -:  928:            
        -:  929:            //discard card from hand
    #####:  930:            discardCard(handPos, currentPlayer, state, 0);
call    0 never executed
    #####:  931:            return 0;
        -:  932:            
        -:  933:        case tribute:
    #####:  934:            if ((state->discardCount[nextPlayer] + state->deckCount[nextPlayer]) <= 1){
branch  0 never executed
branch  1 never executed
    #####:  935:                if (state->deckCount[nextPlayer] > 0){
branch  0 never executed
branch  1 never executed
    #####:  936:                    tributeRevealedCards[0] = state->deck[nextPlayer][state->deckCount[nextPlayer]-1];
    #####:  937:                    state->deckCount[nextPlayer]--;
        -:  938:                }
    #####:  939:                else if (state->discardCount[nextPlayer] > 0){
branch  0 never executed
branch  1 never executed
    #####:  940:                    tributeRevealedCards[0] = state->discard[nextPlayer][state->discardCount[nextPlayer]-1];
    #####:  941:                    state->discardCount[nextPlayer]--;
        -:  942:                }
        -:  943:                else{
        -:  944:                    //No Card to Reveal
        -:  945:                    if (DEBUG){
        -:  946:                        printf("No cards to reveal\n");
        -:  947:                    }
        -:  948:                }
        -:  949:            }
        -:  950:            
        -:  951:            else{
    #####:  952:                if (state->deckCount[nextPlayer] == 0){
branch  0 never executed
branch  1 never executed
    #####:  953:                    for (i = 0; i < state->discardCount[nextPlayer]; i++){
branch  0 never executed
branch  1 never executed
    #####:  954:                        state->deck[nextPlayer][i] = state->discard[nextPlayer][i];//Move to deck
    #####:  955:                        state->deckCount[nextPlayer]++;
    #####:  956:                        state->discard[nextPlayer][i] = -1;
    #####:  957:                        state->discardCount[nextPlayer]--;
        -:  958:                    }
        -:  959:                    
    #####:  960:                    shuffle(nextPlayer,state);//Shuffle the deck
call    0 never executed
        -:  961:                }
    #####:  962:                tributeRevealedCards[0] = state->deck[nextPlayer][state->deckCount[nextPlayer]-1];
    #####:  963:                state->deck[nextPlayer][state->deckCount[nextPlayer]--] = -1;
    #####:  964:                state->deckCount[nextPlayer]--;
    #####:  965:                tributeRevealedCards[1] = state->deck[nextPlayer][state->deckCount[nextPlayer]-1];
    #####:  966:                state->deck[nextPlayer][state->deckCount[nextPlayer]--] = -1;
    #####:  967:                state->deckCount[nextPlayer]--;
        -:  968:            }
        -:  969:            
    #####:  970:            if (tributeRevealedCards[0] == tributeRevealedCards[1]){//If we have a duplicate card, just drop one
branch  0 never executed
branch  1 never executed
    #####:  971:                state->playedCards[state->playedCardCount] = tributeRevealedCards[1];
    #####:  972:                state->playedCardCount++;
    #####:  973:                tributeRevealedCards[1] = -1;
        -:  974:            }
        -:  975:            
    #####:  976:            for (i = 0; i <= 2; i ++){
branch  0 never executed
branch  1 never executed
    #####:  977:                if (tributeRevealedCards[i] == copper || tributeRevealedCards[i] == silver || tributeRevealedCards[i] == gold){//Treasure cards
branch  0 never executed
branch  1 never executed
branch  2 never executed
branch  3 never executed
branch  4 never executed
branch  5 never executed
    #####:  978:                    state->coins += 2;
        -:  979:                }
        -:  980:                
    #####:  981:                else if (tributeRevealedCards[i] == estate || tributeRevealedCards[i] == duchy || tributeRevealedCards[i] == province || tributeRevealedCards[i] == gardens || tributeRevealedCards[i] == great_hall){//Victory Card Found
branch  0 never executed
branch  1 never executed
branch  2 never executed
branch  3 never executed
branch  4 never executed
branch  5 never executed
branch  6 never executed
branch  7 never executed
branch  8 never executed
branch  9 never executed
    #####:  982:                    drawCard(currentPlayer, state);
call    0 never executed
    #####:  983:                    drawCard(currentPlayer, state);
call    0 never executed
        -:  984:                }
        -:  985:                else{//Action Card
    #####:  986:                    state->numActions = state->numActions + 2;
        -:  987:                }
        -:  988:            }
        -:  989:            
    #####:  990:            return 0;
        -:  991:            
        -:  992:        case ambassador:
    #####:  993:            j = 0;        //used to check if player has enough cards to discard
        -:  994:            
    #####:  995:            if (choice2 > 2 || choice2 < 0)
branch  0 never executed
branch  1 never executed
branch  2 never executed
branch  3 never executed
        -:  996:            {
    #####:  997:                return -1;
        -:  998:            }
        -:  999:            
    #####: 1000:            if (choice1 == handPos)
branch  0 never executed
branch  1 never executed
        -: 1001:            {
    #####: 1002:                return -1;
        -: 1003:            }
        -: 1004:            
    #####: 1005:            for (i = 0; i < state->handCount[currentPlayer]; i++)
branch  0 never executed
branch  1 never executed
        -: 1006:            {
    #####: 1007:                if (i != handPos && i == state->hand[currentPlayer][choice1] && i != choice1)
branch  0 never executed
branch  1 never executed
branch  2 never executed
branch  3 never executed
branch  4 never executed
branch  5 never executed
        -: 1008:                {
    #####: 1009:                    j++;
        -: 1010:                }
        -: 1011:            }
    #####: 1012:            if (j < choice2)
branch  0 never executed
branch  1 never executed
        -: 1013:            {
    #####: 1014:                return -1;
        -: 1015:            }
        -: 1016:            
        -: 1017:            if (DEBUG)
        -: 1018:                printf("Player %d reveals card number: %d\n", currentPlayer, state->hand[currentPlayer][choice1]);
        -: 1019:            
        -: 1020:            //increase supply count for choosen card by amount being discarded
    #####: 1021:            state->supplyCount[state->hand[currentPlayer][choice1]] += choice2;
        -: 1022:            
        -: 1023:            //each other player gains a copy of revealed card
    #####: 1024:            for (i = 0; i < state->numPlayers; i++)
branch  0 never executed
branch  1 never executed
        -: 1025:            {
    #####: 1026:                if (i != currentPlayer)
branch  0 never executed
branch  1 never executed
        -: 1027:                {
    #####: 1028:                    gainCard(state->hand[currentPlayer][choice1], state, 0, i);
call    0 never executed
        -: 1029:                }
        -: 1030:            }
        -: 1031:            
        -: 1032:            //discard played card from hand
    #####: 1033:            discardCard(handPos, currentPlayer, state, 0);
call    0 never executed
        -: 1034:            
        -: 1035:            //trash copies of cards returned to supply
    #####: 1036:            for (j = 0; j < choice2; j++)
branch  0 never executed
branch  1 never executed
        -: 1037:            {
    #####: 1038:                for (i = 0; i < state->handCount[currentPlayer]; i++)
branch  0 never executed
branch  1 never executed
        -: 1039:                {
    #####: 1040:                    if (state->hand[currentPlayer][i] == state->hand[currentPlayer][choice1])
branch  0 never executed
branch  1 never executed
        -: 1041:                    {
    #####: 1042:                        discardCard(i, currentPlayer, state, 1);
call    0 never executed
    #####: 1043:                        break;
        -: 1044:                    }
        -: 1045:                }
        -: 1046:            }
        -: 1047:            
    #####: 1048:            return 0;
        -: 1049:            
        -: 1050:        case cutpurse:
        -: 1051:            
    #####: 1052:            updateCoins(currentPlayer, state, 2);
call    0 never executed
    #####: 1053:            for (i = 0; i < state->numPlayers; i++)
branch  0 never executed
branch  1 never executed
        -: 1054:            {
    #####: 1055:                if (i != currentPlayer)
branch  0 never executed
branch  1 never executed
        -: 1056:                {
    #####: 1057:                    for (j = 0; j < state->handCount[i]; j++)
branch  0 never executed
branch  1 never executed
        -: 1058:                    {
    #####: 1059:                        if (state->hand[i][j] == copper)
branch  0 never executed
branch  1 never executed
        -: 1060:                        {
    #####: 1061:                            discardCard(j, i, state, 0);
call    0 never executed
    #####: 1062:                            break;
        -: 1063:                        }
    #####: 1064:                        if (j == state->handCount[i])
branch  0 never executed
branch  1 never executed
        -: 1065:                        {
    #####: 1066:                            for (k = 0; k < state->handCount[i]; k++)
branch  0 never executed
branch  1 never executed
        -: 1067:                            {
        -: 1068:                                if (DEBUG)
        -: 1069:                                    printf("Player %d reveals card number %d\n", i, state->hand[i][k]);
        -: 1070:                            }
    #####: 1071:                            break;
        -: 1072:                        }
        -: 1073:                    }
        -: 1074:                    
        -: 1075:                }
        -: 1076:                
        -: 1077:            }
        -: 1078:            
        -: 1079:            //discard played card from hand
    #####: 1080:            discardCard(handPos, currentPlayer, state, 0);
call    0 never executed
        -: 1081:            
    #####: 1082:            return 0;
        -: 1083:            
        -: 1084:            
        -: 1085:        case embargo:
        -: 1086:            //+2 Coins
    #####: 1087:            state->coins = state->coins + 2;
        -: 1088:            
        -: 1089:            //see if selected pile is in play
    #####: 1090:            if ( state->supplyCount[choice1] == -1 )
branch  0 never executed
branch  1 never executed
        -: 1091:            {
    #####: 1092:                return -1;
        -: 1093:            }
        -: 1094:            
        -: 1095:            //add embargo token to selected supply pile
    #####: 1096:            state->embargoTokens[choice1]++;
        -: 1097:            
        -: 1098:            //trash card
    #####: 1099:            discardCard(handPos, currentPlayer, state, 1);
call    0 never executed
    #####: 1100:            return 0;
        -: 1101:            
        -: 1102:        case outpost:
        -: 1103:            //set outpost flag
    #####: 1104:            state->outpostPlayed++;
        -: 1105:            
        -: 1106:            //discard card
    #####: 1107:            discardCard(handPos, currentPlayer, state, 0);
call    0 never executed
    #####: 1108:            return 0;
        -: 1109:            
        -: 1110:        case salvager:
        -: 1111:            //+1 buy
    #####: 1112:            state->numBuys++;
        -: 1113:            
    #####: 1114:            if (choice1)
branch  0 never executed
branch  1 never executed
        -: 1115:            {
        -: 1116:                //gain coins equal to trashed card
    #####: 1117:                state->coins = state->coins + getCost( handCard(choice1, state) );
call    0 never executed
call    1 never executed
        -: 1118:                //trash card
    #####: 1119:                discardCard(choice1, currentPlayer, state, 1);
call    0 never executed
        -: 1120:            }
        -: 1121:            
        -: 1122:            //discard card
    #####: 1123:            discardCard(handPos, currentPlayer, state, 0);
call    0 never executed
    #####: 1124:            return 0;
        -: 1125:            
        -: 1126:        case sea_hag:
    #####: 1127:            for (i = 0; i < state->numPlayers; i++){
branch  0 never executed
branch  1 never executed
    #####: 1128:                if (i != currentPlayer){
branch  0 never executed
branch  1 never executed
    #####: 1129:                    state->discard[i][state->discardCount[i]] = state->deck[i][state->deckCount[i]--];                state->deckCount[i]--;
    #####: 1130:                    state->discardCount[i]++;
    #####: 1131:                    state->deck[i][state->deckCount[i]--] = curse;//Top card now a curse
        -: 1132:                }
        -: 1133:            }
    #####: 1134:            return 0;
        -: 1135:            
        -: 1136:        case treasure_map:
        -: 1137:            //search hand for another treasure_map
    #####: 1138:            index = -1;
    #####: 1139:            for (i = 0; i < state->handCount[currentPlayer]; i++)
branch  0 never executed
branch  1 never executed
        -: 1140:            {
    #####: 1141:                if (state->hand[currentPlayer][i] == treasure_map && i != handPos)
branch  0 never executed
branch  1 never executed
branch  2 never executed
branch  3 never executed
        -: 1142:                {
    #####: 1143:                    index = i;
    #####: 1144:                    break;
        -: 1145:                }
        -: 1146:            }
    #####: 1147:            if (index > -1)
branch  0 never executed
branch  1 never executed
        -: 1148:            {
        -: 1149:                //trash both treasure cards
    #####: 1150:                discardCard(handPos, currentPlayer, state, 1);
call    0 never executed
    #####: 1151:                discardCard(index, currentPlayer, state, 1);
call    0 never executed
        -: 1152:                
        -: 1153:                //gain 4 Gold cards
    #####: 1154:                for (i = 0; i < 4; i++)
branch  0 never executed
branch  1 never executed
        -: 1155:                {
    #####: 1156:                    gainCard(gold, state, 1, currentPlayer);
call    0 never executed
        -: 1157:                }
        -: 1158:                
        -: 1159:                //return success
    #####: 1160:                return 1;
        -: 1161:            }
        -: 1162:            
        -: 1163:            //no second treasure_map found in hand
    #####: 1164:            return -1;
        -: 1165:    }
        -: 1166:    
    #####: 1167:    return -1;
        -: 1168:}
        -: 1169:
function discardCard called 0 returned 0% blocks executed 0%
    #####: 1170:int discardCard(int handPos, int currentPlayer, struct gameState *state, int trashFlag)
        -: 1171:{
        -: 1172:    
        -: 1173:    //if card is not trashed, added to Played pile
    #####: 1174:    if (trashFlag < 1)
branch  0 never executed
branch  1 never executed
        -: 1175:    {
        -: 1176:        //add card to played pile
    #####: 1177:        state->playedCards[state->playedCardCount] = state->hand[currentPlayer][handPos];
    #####: 1178:        state->playedCardCount++;
        -: 1179:    }
        -: 1180:    
        -: 1181:    //set played card to -1
    #####: 1182:    state->hand[currentPlayer][handPos] = -1;
        -: 1183:    
        -: 1184:    //remove card from player's hand
    #####: 1185:    if ( handPos == (state->handCount[currentPlayer] - 1) )     //last card in hand array is played
branch  0 never executed
branch  1 never executed
        -: 1186:    {
        -: 1187:        //reduce number of cards in hand
    #####: 1188:        state->handCount[currentPlayer]--;
        -: 1189:    }
    #####: 1190:    else if ( state->handCount[currentPlayer] == 1 ) //only one card in hand
branch  0 never executed
branch  1 never executed
        -: 1191:    {
        -: 1192:        //reduce number of cards in hand
    #####: 1193:        state->handCount[currentPlayer]--;
        -: 1194:    }
        -: 1195:    else
        -: 1196:    {
        -: 1197:        //replace discarded card with last card in hand
    #####: 1198:        state->hand[currentPlayer][handPos] = state->hand[currentPlayer][ (state->handCount[currentPlayer] - 1)];
        -: 1199:        //set last card to -1
    #####: 1200:        state->hand[currentPlayer][state->handCount[currentPlayer] - 1] = -1;
        -: 1201:        //reduce number of cards in hand
    #####: 1202:        state->handCount[currentPlayer]--;
        -: 1203:    }
        -: 1204:    
    #####: 1205:    return 0;
        -: 1206:}
        -: 1207:
function gainCard called 0 returned 0% blocks executed 0%
    #####: 1208:int gainCard(int supplyPos, struct gameState *state, int toFlag, int player)
        -: 1209:{
        -: 1210:    //Note: supplyPos is enum of choosen card
        -: 1211:    
        -: 1212:    //check if supply pile is empty (0) or card is not used in game (-1)
    #####: 1213:    if ( supplyCount(supplyPos, state) < 1 )
call    0 never executed
branch  1 never executed
branch  2 never executed
        -: 1214:    {
    #####: 1215:        return -1;
        -: 1216:    }
        -: 1217:    
        -: 1218:    //added card for [whoseTurn] current player:
        -: 1219:    // toFlag = 0 : add to discard
        -: 1220:    // toFlag = 1 : add to deck
        -: 1221:    // toFlag = 2 : add to hand
        -: 1222:    
    #####: 1223:    if (toFlag == 1)
branch  0 never executed
branch  1 never executed
        -: 1224:    {
    #####: 1225:        state->deck[ player ][ state->deckCount[player] ] = supplyPos;
    #####: 1226:        state->deckCount[player]++;
        -: 1227:    }
    #####: 1228:    else if (toFlag == 2)
branch  0 never executed
branch  1 never executed
        -: 1229:    {
    #####: 1230:        state->hand[ player ][ state->handCount[player] ] = supplyPos;
    #####: 1231:        state->handCount[player]++;
        -: 1232:    }
        -: 1233:    else
        -: 1234:    {
    #####: 1235:        state->discard[player][ state->discardCount[player] ] = supplyPos;
    #####: 1236:        state->discardCount[player]++;
        -: 1237:    }
        -: 1238:    
        -: 1239:    //decrease number in supply pile
    #####: 1240:    state->supplyCount[supplyPos]--;
        -: 1241:    
    #####: 1242:    return 0;
        -: 1243:}
        -: 1244:
function updateCoins called 0 returned 0% blocks executed 0%
    #####: 1245:int updateCoins(int player, struct gameState *state, int bonus)
        -: 1246:{
        -: 1247:    int i;
        -: 1248:    
        -: 1249:    //reset coin count
    #####: 1250:    state->coins = 0;
        -: 1251:    
        -: 1252:    //add coins for each Treasure card in player's hand
    #####: 1253:    for (i = 0; i < state->handCount[player]; i++)
branch  0 never executed
branch  1 never executed
        -: 1254:    {
    #####: 1255:        if (state->hand[player][i] == copper)
branch  0 never executed
branch  1 never executed
        -: 1256:        {
    #####: 1257:            state->coins += 1;
        -: 1258:        }
    #####: 1259:        else if (state->hand[player][i] == silver)
branch  0 never executed
branch  1 never executed
        -: 1260:        {
    #####: 1261:            state->coins += 2;
        -: 1262:        }
    #####: 1263:        else if (state->hand[player][i] == gold)
branch  0 never executed
branch  1 never executed
        -: 1264:        {
    #####: 1265:            state->coins += 3;
        -: 1266:        }
        -: 1267:    }
        -: 1268:    
        -: 1269:    //add bonus
    #####: 1270:    state->coins += bonus;
        -: 1271:    
    #####: 1272:    return 0;
        -: 1273:}
        -: 1274:
function useSmithy called 0 returned 0% blocks executed 0%
    #####: 1275:int useSmithy(int i, int currentPlayer, int handPos, struct gameState *state)
        -: 1276:{
        -: 1277:    //+3 Cards
    #####: 1278:    for (i = 0; i < 1; i++)
branch  0 never executed
branch  1 never executed
        -: 1279:    {
    #####: 1280:        drawCard(currentPlayer, state); //bug draw only one and adds +1 action
call    0 never executed
    #####: 1281:        state->numActions++;
        -: 1282:    }
        -: 1283:    
        -: 1284:    //discard card from hand
    #####: 1285:    discardCard(handPos, currentPlayer, state, 0);
call    0 never executed
    #####: 1286:    return 0;
        -: 1287:}
        -: 1288:/* Smithy card effect */
        -: 1289:
function useAdventurer called 0 returned 0% blocks executed 0%
    #####: 1290:int useAdventurer(int z, int drawntreasure, int currentPlayer, struct gameState *state, int cardDrawn, int temphand[])
        -: 1291:{
    #####: 1292:    while(drawntreasure<2){
branch  0 never executed
branch  1 never executed
        -: 1293:        
    #####: 1294:        drawCard(currentPlayer, state);
call    0 never executed
    #####: 1295:        cardDrawn = state->hand[currentPlayer][state->handCount[currentPlayer]-1];//top card of hand is most recently drawn card.
    #####: 1296:        if (cardDrawn == copper || cardDrawn == silver || cardDrawn == gold)
branch  0 never executed
branch  1 never executed
branch  2 never executed
branch  3 never executed
branch  4 never executed
branch  5 never executed
    #####: 1297:            drawntreasure++;
        -: 1298:        else{
    #####: 1299:            temphand[z]=cardDrawn;
    #####: 1300:            state->handCount[currentPlayer]--; //this should just remove the top card (the most recently drawn one).
    #####: 1301:            z++;
        -: 1302:        }
        -: 1303:    }
    #####: 1304:    while(z-1>=0){
branch  0 never executed
branch  1 never executed
    #####: 1305:        state->discard[currentPlayer][state->discardCount[currentPlayer]++]=temphand[z-1]; // discard all cards in play that have been drawn
    #####: 1306:        z=z-1;
        -: 1307:    }
    #####: 1308:    return 0;
        -: 1309:}
        -: 1310:/* Adventurer card effect */
        -: 1311:
function useRemodel called 0 returned 0% blocks executed 0%
    #####: 1312:int useRemodel(int i, int j, struct gameState *state, int currentPlayer, int handPos, int choice1, int choice2)
        -: 1313:{
    #####: 1314:    j = state->hand[currentPlayer][choice1];  //store card we will trash
        -: 1315:    
    #####: 1316:    if ( (getCost(state->hand[currentPlayer][choice1]) + 2) > getCost(choice2) )
call    0 never executed
call    1 never executed
branch  2 never executed
branch  3 never executed
        -: 1317:    {
    #####: 1318:        return -1;
        -: 1319:    }
        -: 1320:    
    #####: 1321:    gainCard(choice2, state, 0, currentPlayer);
call    0 never executed
        -: 1322:    
        -: 1323:    //discard card from hand
    #####: 1324:    discardCard(handPos, currentPlayer, state, 0);
call    0 never executed
        -: 1325:    
        -: 1326:    //discard trashed card
    #####: 1327:    for (i = 0; i < state->handCount[currentPlayer]; i++)
branch  0 never executed
branch  1 never executed
        -: 1328:    {
    #####: 1329:        if (state->hand[currentPlayer][i] == j)
branch  0 never executed
branch  1 never executed
        -: 1330:        {
    #####: 1331:            discardCard(i, currentPlayer, state, 0);
call    0 never executed
    #####: 1332:            break;
        -: 1333:        }
        -: 1334:    }
        -: 1335:    
        -: 1336:    
    #####: 1337:    return 0;
        -: 1338:}
        -: 1339:/* Remodel card effect */
        -: 1340:
function useVillage called 2 returned 100% blocks executed 100%
        2: 1341:int useVillage(int currentPlayer, int handPos, struct gameState *state)
        -: 1342:{
        -: 1343:    //+1 Card
        2: 1344:    drawCard(currentPlayer, state);
call    0 returned 100%
        -: 1345:    
        -: 1346:    //+2 Actions
        2: 1347:    state->numActions = state->numActions + 2;
        -: 1348:    
        -: 1349:    //Bug, card does not get discarded
        2: 1350:    return 0;
        -: 1351:}
        -: 1352:/* Village card effect */
        -: 1353:
function useGreatHall called 0 returned 0% blocks executed 0%
    #####: 1354:int useGreatHall(int currentPlayer, int handPos, struct gameState *state)
        -: 1355:{
        -: 1356:    //+1 Card
    #####: 1357:    drawCard(currentPlayer, state);
call    0 never executed
        -: 1358:    
        -: 1359:    //+1 Actions
    #####: 1360:    state->numActions--;    //Bug -1 actions
        -: 1361:    
        -: 1362:    //discard card from hand
    #####: 1363:    discardCard(handPos, currentPlayer, state, 0);
call    0 never executed
    #####: 1364:    return 0;
        -: 1365:}
        -: 1366:/* Great_Hall card effect */
        -: 1367:
        -: 1368:
        -: 1369://end of dominion.c
        -: 1370:
