        -:    0:Source:unittest3.c
        -:    0:Graph:unittest3.gcno
        -:    0:Data:unittest3.gcda
        -:    0:Runs:1
        -:    0:Programs:1
        -:    1://TESTING: isGameOver
        -:    2:
        -:    3:#include "dominion.h"
        -:    4:#include "dominion_helpers.h"
        -:    5:#include "rngs.h"
        -:    6:#include <string.h>
        -:    7:#include <stdio.h>
        -:    8:#include <math.h>
        -:    9:#include <stdlib.h>
        -:   10:#include <assert.h>
        -:   11:
        1:   12:int main(){
        1:   13:    printf("\n UNIT TEST #3\n");
        -:   14:    struct gameState g;
        1:   15:    struct gameState * y = &g;
        1:   16:    int k[10] = {smithy,adventurer,sea_hag,embargo,tribute,minion,ambassador, steward,embargo,baron};
        -:   17:    // printf("Checkpoint 1\n");
        1:   18:    initializeGame(2, k, 5, &g);
        -:   19:    // printf("Checkpoint 2\n");
        1:   20:    int a = isGameOver(y);
        -:   21:    // printf("Checkpoint 3\n");
        1:   22:    assert(a == 1);
        1:   23:    printf("Test passed! \n");
        -:   24:    
        1:   25:    return 0;
        -:   26:}
