        -:    0:Source:unittest1.c
        -:    0:Graph:unittest1.gcno
        -:    0:Data:unittest1.gcda
        -:    0:Runs:1
        -:    0:Programs:1
        -:    1://TESTING Function
        -:    2://int whoseTurn(struct gameState *state) {
        -:    3://return state->whoseTurn;
        -:    4://}
        -:    5:#include "dominion.h"
        -:    6:#include "dominion_helpers.h"
        -:    7:#include "rngs.h"
        -:    8:#include <string.h>
        -:    9:#include <stdio.h>
        -:   10:#include <math.h>
        -:   11:#include <stdlib.h>
        -:   12:#include <assert.h>
        -:   13:
        1:   14:int main(){
        1:   15:    printf("\n UNIT TEST #1: Whose Turn? \n");
        -:   16:    struct gameState g;
        1:   17:    struct gameState * y = &g;
        1:   18:    int k[10] = {smithy,adventurer,sea_hag,embargo,tribute,minion,ambassador, steward,embargo,baron};
        -:   19:    //int a;
        -:   20:    
        4:   21:    for(int i = 2; i < 5; ++i){
        3:   22:        initializeGame(2, k, 5, y);
        3:   23:        int a = whoseTurn(y);
        3:   24:        assert(a == g.whoseTurn);
        3:   25:        printf("PASSED \n");
        -:   26:    }
        -:   27:    
        1:   28:    return 0;
        -:   29:}
